============================= test session starts =============================
platform win32 -- Python 3.14.3, pytest-9.0.2, pluggy-1.6.0 -- C:\Python314\python.exe
cachedir: .pytest_cache
rootdir: D:\sandhi_ai\backend
configfile: pytest.ini
plugins: anyio-4.12.1, asyncio-1.3.0, cov-7.0.0
asyncio: mode=Mode.STRICT, debug=False, asyncio_default_fixture_loop_scope=None, asyncio_default_test_loop_scope=function
collecting ... collected 1 item

tests/integration/test_core_platform_features.py::test_core_job_lifecycle FAILED [100%]

================================== FAILURES ===================================
___________________________ test_core_job_lifecycle ___________________________
tests\integration\test_core_platform_features.py:85: in test_core_job_lifecycle
    assert r.status_code == 201, r.text
E   AssertionError: {"detail":"Failed to save file req.txt: S3 connectivity check failed for bucket 'sandhi-brd-docs': Could not connect to the endpoint URL: \"http://minio:9000/sandhi-brd-docs\". Check S3_ENDPOINT_URL, network, and credentials.","path":"/api/jobs"}
E   assert 500 == 201
E    +  where 500 = <Response [500 Internal Server Error]>.status_code
---------------------------- Captured stdout call -----------------------------
2026-04-04 00:14:30.WARNING.Transient S3 error in head_bucket (attempt 1/6): Could not connect to the endpoint URL: "http://minio:9000/sandhi-brd-docs". Retrying in 0.39s
2026-04-04 00:14:58.WARNING.Transient S3 error in head_bucket (attempt 2/6): Could not connect to the endpoint URL: "http://minio:9000/sandhi-brd-docs". Retrying in 0.51s
2026-04-04 00:15:21.WARNING.Transient S3 error in head_bucket (attempt 3/6): Could not connect to the endpoint URL: "http://minio:9000/sandhi-brd-docs". Retrying in 1.05s
2026-04-04 00:15:57.WARNING.Transient S3 error in head_bucket (attempt 4/6): Could not connect to the endpoint URL: "http://minio:9000/sandhi-brd-docs". Retrying in 2.06s
2026-04-04 00:16:24.WARNING.Transient S3 error in head_bucket (attempt 5/6): Could not connect to the endpoint URL: "http://minio:9000/sandhi-brd-docs". Retrying in 3.04s
2026-04-04 00:17:01.INFO.API POST /api/jobs -> 500 (179629.80ms) request_id=e5c77074-8148-4c69-ade9-8bf5b12c6eea
INFO:     testclient:50000 - "POST /api/jobs HTTP/1.1" 500
------------------------------ Captured log call ------------------------------
WARNING  services.job_file_storage:job_file_storage.py:250 Transient S3 error in head_bucket (attempt 1/6): Could not connect to the endpoint URL: "http://minio:9000/sandhi-brd-docs". Retrying in 0.39s
WARNING  services.job_file_storage:job_file_storage.py:250 Transient S3 error in head_bucket (attempt 2/6): Could not connect to the endpoint URL: "http://minio:9000/sandhi-brd-docs". Retrying in 0.51s
WARNING  services.job_file_storage:job_file_storage.py:250 Transient S3 error in head_bucket (attempt 3/6): Could not connect to the endpoint URL: "http://minio:9000/sandhi-brd-docs". Retrying in 1.05s
WARNING  services.job_file_storage:job_file_storage.py:250 Transient S3 error in head_bucket (attempt 4/6): Could not connect to the endpoint URL: "http://minio:9000/sandhi-brd-docs". Retrying in 2.06s
WARNING  services.job_file_storage:job_file_storage.py:250 Transient S3 error in head_bucket (attempt 5/6): Could not connect to the endpoint URL: "http://minio:9000/sandhi-brd-docs". Retrying in 3.04s
INFO     uvicorn.error:main.py:94 API POST /api/jobs -> 500 (179629.80ms) request_id=e5c77074-8148-4c69-ade9-8bf5b12c6eea
=========================== short test summary info ===========================
FAILED tests/integration/test_core_platform_features.py::test_core_job_lifecycle - AssertionError: {"detail":"Failed to save file req.txt: S3 connectivity check failed for bucket 'sandhi-brd-docs': Could not connect to the endpoint URL: \"http://minio:9000/sandhi-brd-docs\". Check S3_ENDPOINT_URL, network, and credentials.","path":"/api/jobs"}
assert 500 == 201
 +  where 500 = <Response [500 Internal Server Error]>.status_code
======================== 1 failed in 203.09s (0:03:23) ========================
